<?xml version="1.0" encoding="UTF-8"?>
<!-- Generated by org.testng.reporters.JUnitXMLReporter -->
<testsuite hostname="DESKTOP-0QABEA8" ignored="0" name="Default test" tests="3" failures="0" timestamp="03 Sep 2019 08:26:53 GMT" time="60.615" errors="0">
  <testcase name="validateCreateNewSignUp" time="1.983" classname="carwale.qa.testcases.SignUpPageTest"/>
  <testcase name="validateCreateNewSignUp" time="2.088" classname="carwale.qa.testcases.SignUpPageTest"/>
  <testcase name="validateCreateNewSignUp" time="2.347" classname="carwale.qa.testcases.SignUpPageTest"/>
</testsuite> <!-- Default test -->
