<?xml version="1.0" encoding="UTF-8"?>
<!-- Generated by org.testng.reporters.JUnitXMLReporter -->
<testsuite hostname="DESKTOP-0QABEA8" ignored="0" name="Command line test" tests="8" failures="0" timestamp="10 Sep 2019 11:35:51 GMT" time="162.914" errors="0">
  <testcase name="verifyNewCarsHeadingTest" time="0.138" classname="carwale.qa.testcases.NewCarsPageTest"/>
  <testcase name="validateCreateNewSignUp" time="1.803" classname="carwale.qa.testcases.SignUpPageTest"/>
  <testcase name="validateCreateNewSignUp" time="1.774" classname="carwale.qa.testcases.SignUpPageTest"/>
  <testcase name="validateCreateNewSignUp" time="1.765" classname="carwale.qa.testcases.SignUpPageTest"/>
  <testcase name="homePageTitleTest" time="0.02" classname="carwale.qa.testcases.HomePageTest"/>
  <testcase name="clickOnNewCarsLinkTest" time="5.981" classname="carwale.qa.testcases.HomePageTest"/>
  <testcase name="validateSearchBoxTest" time="10.739" classname="carwale.qa.testcases.HomePageTest"/>
  <testcase name="openSignUpPage" time="0.376" classname="carwale.qa.testcases.HomePageTest"/>
</testsuite> <!-- Command line test -->
